2024-02-11 21:49:43,757 - INFO - Iniciando scraping das fontes
2024-02-11 21:49:43,814 - INFO - Conectado ao cliente MongoDB
2024-02-11 21:49:43,814 - INFO - Conectado ao banco de dados MongoDB
2024-02-11 21:49:43,814 - INFO - Conectado à coleção solicitada.
2024-02-11 21:49:43,814 - INFO - Conectado à coleção solicitada.
2024-02-11 21:50:25,810 - INFO - Iniciando scraping das fontes
2024-02-11 21:50:25,870 - INFO - Conectado ao cliente MongoDB
2024-02-11 21:50:25,871 - INFO - Conectado ao banco de dados MongoDB
2024-02-11 21:50:25,871 - INFO - Conectado à coleção solicitada.
2024-02-11 21:50:25,871 - INFO - Conectado à coleção solicitada.
2024-02-11 21:50:28,062 - WARNING - Nenhum dado encontrado para o jogo 5 - Dedicated Server...
1 jogo(s) analisados.
2024-02-11 21:50:28,421 - WARNING - Nenhum dado encontrado para o jogo 7 - Steam Client...
2 jogo(s) analisados.
2024-02-11 21:50:28,812 - WARNING - Nenhum dado encontrado para o jogo 8 - winui2...
3 jogo(s) analisados.
2024-02-11 21:50:28,878 - INFO - Jogo 10 - Counter-Strike já está no banco de dados. Próximo jogo...
4 jogo(s) analisados.
2024-02-11 21:50:28,943 - INFO - Jogo 20 - Team Fortress Classic já está no banco de dados. Próximo jogo...
5 jogo(s) analisados.
2024-02-11 21:50:29,009 - INFO - Jogo 30 - Day of Defeat já está no banco de dados. Próximo jogo...
6 jogo(s) analisados.
2024-02-11 21:50:29,077 - INFO - Jogo 40 - Deathmatch Classic já está no banco de dados. Próximo jogo...
7 jogo(s) analisados.
2024-02-11 21:50:29,155 - INFO - Jogo 50 - Half-Life: Opposing Force já está no banco de dados. Próximo jogo...
8 jogo(s) analisados.
2024-02-11 21:50:29,237 - INFO - Jogo 60 - Ricochet já está no banco de dados. Próximo jogo...
9 jogo(s) analisados.
2024-02-11 21:50:29,303 - INFO - Jogo 70 - Half-Life já está no banco de dados. Próximo jogo...
10 jogo(s) analisados.
2024-02-11 21:50:29,380 - INFO - Jogo 80 - Counter-Strike: Condition Zero já está no banco de dados. Próximo jogo...
11 jogo(s) analisados.
2024-02-11 21:50:29,743 - WARNING - Nenhum dado encontrado para o jogo 90 - Half-Life Dedicated Server...
12 jogo(s) analisados.
2024-02-11 21:50:29,807 - INFO - Jogo 92 - Codename: Gordon já está no banco de dados. Próximo jogo...
13 jogo(s) analisados.
2024-02-11 21:50:29,872 - INFO - Jogo 100 - Counter-Strike: Condition Zero já está no banco de dados. Próximo jogo...
14 jogo(s) analisados.
2024-02-11 21:50:29,938 - INFO - Jogo 130 - Half-Life: Blue Shift já está no banco de dados. Próximo jogo...
15 jogo(s) analisados.
2024-02-11 21:50:30,369 - WARNING - Nenhum dado encontrado para o jogo 150 - Counter-Strike Steamworks Beta...
16 jogo(s) analisados.
2024-02-11 21:50:30,791 - WARNING - Nenhum dado encontrado para o jogo 205 - Source Dedicated Server...
17 jogo(s) analisados.
2024-02-11 21:50:31,189 - WARNING - Nenhum dado encontrado para o jogo 210 - Source Dedicated Server...
18 jogo(s) analisados.
2024-02-11 21:50:31,583 - WARNING - Nenhum dado encontrado para o jogo 211 - Source SDK...
19 jogo(s) analisados.
2024-02-11 21:50:31,938 - WARNING - Nenhum dado encontrado para o jogo 215 - Source SDK Base 2006...
20 jogo(s) analisados.
2024-02-11 21:50:32,371 - WARNING - Nenhum dado encontrado para o jogo 218 - Source SDK Base 2007...
21 jogo(s) analisados.
2024-02-11 21:50:32,436 - INFO - Jogo 219 - Half-Life 2 já está no banco de dados. Próximo jogo...
22 jogo(s) analisados.
2024-02-11 21:50:32,501 - INFO - Jogo 220 - Half-Life 2 já está no banco de dados. Próximo jogo...
23 jogo(s) analisados.
2024-02-11 21:50:32,571 - INFO - Jogo 240 - Counter-Strike: Source já está no banco de dados. Próximo jogo...
24 jogo(s) analisados.
2024-02-11 21:50:32,983 - WARNING - Nenhum dado encontrado para o jogo 260 - Counter-Strike: Source Beta...
25 jogo(s) analisados.
2024-02-11 21:50:33,047 - INFO - Jogo 280 - Half-Life: Source já está no banco de dados. Próximo jogo...
26 jogo(s) analisados.
2024-02-11 21:50:33,123 - INFO - Jogo 300 - Day of Defeat: Source já está no banco de dados. Próximo jogo...
27 jogo(s) analisados.
2024-02-11 21:50:33,476 - WARNING - Nenhum dado encontrado para o jogo 304 - Day of Defeat: Source Press Review...
28 jogo(s) analisados.
2024-02-11 21:50:33,875 - WARNING - Nenhum dado encontrado para o jogo 310 - Source 2007 Dedicated Server...
29 jogo(s) analisados.
2024-02-11 21:50:33,941 - INFO - Jogo 320 - Half-Life 2: Deathmatch já está no banco de dados. Próximo jogo...
30 jogo(s) analisados.
2024-02-11 21:50:34,009 - INFO - Jogo 340 - Half-Life 2: Lost Coast já está no banco de dados. Próximo jogo...
31 jogo(s) analisados.
2024-02-11 21:50:34,092 - INFO - Jogo 360 - Half-Life Deathmatch: Source já está no banco de dados. Próximo jogo...
32 jogo(s) analisados.
2024-02-11 21:50:34,489 - WARNING - Nenhum dado encontrado para o jogo 364 - HL1:MP Linux client...
33 jogo(s) analisados.
2024-02-11 21:50:34,555 - INFO - Jogo 380 - Half-Life 2: Episode One já está no banco de dados. Próximo jogo...
34 jogo(s) analisados.
2024-02-11 21:50:34,621 - INFO - Jogo 400 - Portal já está no banco de dados. Próximo jogo...
35 jogo(s) analisados.
2024-02-11 21:50:34,976 - WARNING - Nenhum dado encontrado para o jogo 410 - Portal: First Slice...
36 jogo(s) analisados.
2024-02-11 21:50:35,044 - INFO - Jogo 420 - Half-Life 2: Episode Two já está no banco de dados. Próximo jogo...
37 jogo(s) analisados.
2024-02-11 21:50:35,109 - INFO - Jogo 440 - Team Fortress 2 já está no banco de dados. Próximo jogo...
38 jogo(s) analisados.
2024-02-11 21:50:35,520 - WARNING - Nenhum dado encontrado para o jogo 456 - Team Fortress 2 - Summer 2012 Community Bundle DLC...
39 jogo(s) analisados.
2024-02-11 21:50:35,951 - WARNING - Nenhum dado encontrado para o jogo 457 - Team Fortress 2 - Summer 2012 Sale Bundle DLC...
40 jogo(s) analisados.
2024-02-11 21:50:36,383 - WARNING - Nenhum dado encontrado para o jogo 458 - Team Fortress 2 - Summer 2011 DLC...
41 jogo(s) analisados.
2024-02-11 21:50:36,844 - WARNING - Nenhum dado encontrado para o jogo 459 - Team Fortress 2 - Premium DLC...
42 jogo(s) analisados.
2024-02-11 21:50:36,910 - INFO - Jogo 480 - Spacewar já está no banco de dados. Próximo jogo...
43 jogo(s) analisados.
2024-02-11 21:50:36,975 - INFO - Jogo 500 - Left 4 Dead já está no banco de dados. Próximo jogo...
44 jogo(s) analisados.
2024-02-11 21:50:37,344 - WARNING - Nenhum dado encontrado para o jogo 510 - Left 4 Dead Dedicated Server...
45 jogo(s) analisados.
2024-02-11 21:50:37,764 - WARNING - Nenhum dado encontrado para o jogo 513 - Left 4 Dead Authoring Tools...
46 jogo(s) analisados.
2024-02-11 21:50:38,149 - WARNING - Nenhum dado encontrado para o jogo 520 - Team Fortress 2 Beta...
47 jogo(s) analisados.
2024-02-11 21:50:38,555 - WARNING - Nenhum dado encontrado para o jogo 530 - Left 4 Dead Demo...
48 jogo(s) analisados.
2024-02-11 21:50:38,930 - WARNING - Nenhum dado encontrado para o jogo 540 - Left 4 Dead Demo Dedicated Server...
49 jogo(s) analisados.
2024-02-11 21:50:39,002 - INFO - Jogo 550 - Left 4 Dead 2 já está no banco de dados. Próximo jogo...
50 jogo(s) analisados.
2024-02-11 21:50:39,351 - WARNING - Nenhum dado encontrado para o jogo 560 - Left 4 Dead 2 Dedicated Server...
51 jogo(s) analisados.
2024-02-11 21:50:39,704 - WARNING - Nenhum dado encontrado para o jogo 563 - Left 4 Dead 2 Authoring Tools...
52 jogo(s) analisados.
2024-02-11 21:50:40,114 - WARNING - Nenhum dado encontrado para o jogo 564 - Left 4 Dead 2 Add-on Support...
53 jogo(s) analisados.
2024-02-11 21:50:40,493 - WARNING - Nenhum dado encontrado para o jogo 565 - Left 4 Dead 2 Preorder DLC...
54 jogo(s) analisados.
2024-02-11 21:50:40,558 - INFO - Jogo 570 - Dota 2 já está no banco de dados. Próximo jogo...
55 jogo(s) analisados.
2024-02-11 21:50:40,954 - WARNING - Nenhum dado encontrado para o jogo 575 - Dota 2 - English Depot...
56 jogo(s) analisados.
2024-02-11 21:50:41,296 - WARNING - Nenhum dado encontrado para o jogo 576 - Dota 2 - SteelSeries DLC ...
57 jogo(s) analisados.
2024-02-11 21:50:41,692 - WARNING - Nenhum dado encontrado para o jogo 581 - Dota 2 - Murrissey the Smeevil...
58 jogo(s) analisados.
2024-02-11 21:50:42,059 - WARNING - Nenhum dado encontrado para o jogo 582 - Dota 2 - Lockjaw the Boxhound...
59 jogo(s) analisados.
2024-02-11 21:50:42,409 - WARNING - Nenhum dado encontrado para o jogo 583 - Dota 2 - Drodo the Druffin...
60 jogo(s) analisados.
2024-02-11 21:50:42,768 - WARNING - Nenhum dado encontrado para o jogo 584 - Dota 2 - Inflatable Donkey Courier...
61 jogo(s) analisados.
2024-02-11 21:50:43,159 - WARNING - Nenhum dado encontrado para o jogo 585 - Dota 2 - Plush Donkey Courier...
62 jogo(s) analisados.
2024-02-11 21:50:43,537 - WARNING - Nenhum dado encontrado para o jogo 586 - Dota 2 - International Axe...
63 jogo(s) analisados.
2024-02-11 21:50:43,905 - WARNING - Nenhum dado encontrado para o jogo 590 - Left 4 Dead 2 Demo...
64 jogo(s) analisados.
2024-02-11 21:50:43,974 - INFO - Jogo 620 - Portal 2 já está no banco de dados. Próximo jogo...
65 jogo(s) analisados.
2024-02-11 21:50:44,337 - WARNING - Nenhum dado encontrado para o jogo 629 - Portal 2 Authoring Tools...
66 jogo(s) analisados.
2024-02-11 21:50:44,407 - INFO - Jogo 630 - Alien Swarm já está no banco de dados. Próximo jogo...
67 jogo(s) analisados.
2024-02-11 21:50:44,777 - WARNING - Nenhum dado encontrado para o jogo 635 - Alien Swarm Dedicated Server...
68 jogo(s) analisados.
2024-02-11 21:50:45,199 - WARNING - Nenhum dado encontrado para o jogo 640 - Alien Swarm - SDK...
69 jogo(s) analisados.
2024-02-11 21:50:45,539 - WARNING - Nenhum dado encontrado para o jogo 644 - Portal 2 Publishing Tool...
70 jogo(s) analisados.
2024-02-11 21:50:45,880 - WARNING - Nenhum dado encontrado para o jogo 650 - Portal 2 - Gamestop PS3 DLC...
71 jogo(s) analisados.
2024-02-11 21:50:46,255 - WARNING - Nenhum dado encontrado para o jogo 651 - Portal 2 - Bot Paint Job DLC...
72 jogo(s) analisados.
2024-02-11 21:50:46,635 - WARNING - Nenhum dado encontrado para o jogo 652 - Portal 2 - Bot Roll Cage DLC...
73 jogo(s) analisados.
2024-02-11 21:50:46,989 - WARNING - Nenhum dado encontrado para o jogo 653 - Portal 2 - Bot Antenna Topper DLC...
74 jogo(s) analisados.
2024-02-11 21:50:47,343 - WARNING - Nenhum dado encontrado para o jogo 654 - Portal 2 - Summer 2011 DLC...
75 jogo(s) analisados.
2024-02-11 21:50:47,411 - INFO - Jogo 659 - Portal 2 já está no banco de dados. Próximo jogo...
76 jogo(s) analisados.
2024-02-11 21:50:47,473 - INFO - Jogo 660 - Portal 2 já está no banco de dados. Próximo jogo...
77 jogo(s) analisados.
2024-02-11 21:50:47,885 - WARNING - Nenhum dado encontrado para o jogo 669 - Portal 2 - Sixense Motion Preorder...
78 jogo(s) analisados.
2024-02-11 21:50:48,001 - INFO - Jogo 730 - Counter-Strike 2 já está no banco de dados. Próximo jogo...
79 jogo(s) analisados.
2024-02-11 21:50:48,371 - WARNING - Nenhum dado encontrado para o jogo 740 - Counter-Strike Global Offensive - Dedicated Server...
80 jogo(s) analisados.
2024-02-11 21:50:48,745 - WARNING - Nenhum dado encontrado para o jogo 745 - Counter-Strike: Global Offensive - SDK...
81 jogo(s) analisados.
2024-02-11 21:50:49,154 - WARNING - Nenhum dado encontrado para o jogo 753 - Steam...
82 jogo(s) analisados.
2024-02-11 21:50:49,614 - WARNING - Nenhum dado encontrado para o jogo 754 - Steam Economy...
83 jogo(s) analisados.
2024-02-11 21:50:49,979 - WARNING - Nenhum dado encontrado para o jogo 755 - Steam Achievements...
84 jogo(s) analisados.
2024-02-11 21:50:50,315 - WARNING - Nenhum dado encontrado para o jogo 756 - Steam Big Picture...
85 jogo(s) analisados.
2024-02-11 21:50:50,667 - WARNING - Nenhum dado encontrado para o jogo 760 - Steam Screenshots...
86 jogo(s) analisados.
2024-02-11 21:50:51,082 - WARNING - Nenhum dado encontrado para o jogo 761 - Steam Cloud - Videos...
87 jogo(s) analisados.
2024-02-11 21:50:51,496 - WARNING - Nenhum dado encontrado para o jogo 764 - Steam Cloud - User Logs...
88 jogo(s) analisados.
2024-02-11 21:50:51,973 - WARNING - Nenhum dado encontrado para o jogo 765 - Greenlight...
89 jogo(s) analisados.
2024-02-11 21:50:52,310 - WARNING - Nenhum dado encontrado para o jogo 767 - Steam Artwork...
90 jogo(s) analisados.
2024-02-11 21:50:52,678 - WARNING - Nenhum dado encontrado para o jogo 852 - ValveTestApp852...
91 jogo(s) analisados.
2024-02-11 21:50:53,027 - WARNING - Nenhum dado encontrado para o jogo 854 - ValveTestApp854...
92 jogo(s) analisados.
2024-02-11 21:50:53,360 - WARNING - Nenhum dado encontrado para o jogo 900 - Zombie Movie...
93 jogo(s) analisados.
2024-02-11 21:50:53,751 - WARNING - Nenhum dado encontrado para o jogo 901 - Day of Defeat: Prelude to Victory...
94 jogo(s) analisados.
2024-02-11 21:50:54,125 - WARNING - Nenhum dado encontrado para o jogo 902 - Dangerous Waters Trailer...
95 jogo(s) analisados.
2024-02-11 21:50:54,489 - WARNING - Nenhum dado encontrado para o jogo 903 - Darwinia Trailer...
96 jogo(s) analisados.
2024-02-11 21:50:54,855 - WARNING - Nenhum dado encontrado para o jogo 904 - Half-Life 2 Trailer...
97 jogo(s) analisados.
2024-02-11 21:50:55,245 - WARNING - Nenhum dado encontrado para o jogo 905 - Half-Life 2: Episode One Trailer...
98 jogo(s) analisados.
2024-02-11 21:50:55,602 - WARNING - Nenhum dado encontrado para o jogo 906 - Rag Doll Kung Fu Trailer...
99 jogo(s) analisados.
2024-02-11 21:50:55,966 - WARNING - Nenhum dado encontrado para o jogo 907 - Red Orchestra Trailer...
100 jogo(s) analisados.
2024-02-11 21:50:56,356 - WARNING - Nenhum dado encontrado para o jogo 908 - Shadowgrounds Trailer...
101 jogo(s) analisados.
2024-02-11 21:50:56,738 - WARNING - Nenhum dado encontrado para o jogo 909 - Sin Episodes: Emergence Trailer...
102 jogo(s) analisados.
2024-02-11 21:50:57,108 - WARNING - Nenhum dado encontrado para o jogo 912 - Half-Life 2: Episode One Launch Teaser 1...
103 jogo(s) analisados.
2024-02-11 21:50:57,457 - WARNING - Nenhum dado encontrado para o jogo 913 - Half-Life 2: Episode One Launch Teaser 2...
104 jogo(s) analisados.
2024-02-11 21:50:57,815 - WARNING - Nenhum dado encontrado para o jogo 914 - Half-Life 2: Episode One Launch Teaser 3...
105 jogo(s) analisados.
2024-02-11 21:50:58,249 - WARNING - Nenhum dado encontrado para o jogo 915 - Half-Life 2: Episode One Launch Teaser 4...
106 jogo(s) analisados.
2024-02-11 21:50:58,622 - WARNING - Nenhum dado encontrado para o jogo 916 - Half-Life 2: Episode Two Trailer...
107 jogo(s) analisados.
2024-02-11 21:50:59,025 - WARNING - Nenhum dado encontrado para o jogo 917 - Day of Defeat: Jagd Trailer...
108 jogo(s) analisados.
2024-02-11 21:50:59,374 - WARNING - Nenhum dado encontrado para o jogo 918 - Day of Defeat: Colmar Trailer...
109 jogo(s) analisados.
2024-02-11 21:50:59,748 - WARNING - Nenhum dado encontrado para o jogo 919 - Dark Messiah: Warrior...
110 jogo(s) analisados.
2024-02-11 21:51:00,161 - WARNING - Nenhum dado encontrado para o jogo 920 - Dark Messiah: Assassin...
111 jogo(s) analisados.
2024-02-11 21:51:00,550 - WARNING - Nenhum dado encontrado para o jogo 921 - Dark Messiah: Wizard...
112 jogo(s) analisados.
2024-02-11 21:51:00,913 - WARNING - Nenhum dado encontrado para o jogo 922 - Portal Trailer...
113 jogo(s) analisados.
2024-02-11 21:51:01,369 - WARNING - Nenhum dado encontrado para o jogo 923 - Team Fortress 2 Trailer...
114 jogo(s) analisados.
2024-02-11 21:51:01,799 - WARNING - Nenhum dado encontrado para o jogo 924 - Red Orchestra Infantry Tutorial...
115 jogo(s) analisados.
2024-02-11 21:51:02,195 - WARNING - Nenhum dado encontrado para o jogo 925 - Red Orchestra Vehicle Tutorial...
116 jogo(s) analisados.
2024-02-11 21:51:02,640 - WARNING - Nenhum dado encontrado para o jogo 926 - Red Orchestra Lyes Krovy Trailer...
117 jogo(s) analisados.
2024-02-11 21:51:03,008 - WARNING - Nenhum dado encontrado para o jogo 927 - GTI Racing Trailer...
118 jogo(s) analisados.
2024-02-11 21:51:03,375 - WARNING - Nenhum dado encontrado para o jogo 928 - SourceForts Trailer...
119 jogo(s) analisados.
2024-02-11 21:51:03,754 - WARNING - Nenhum dado encontrado para o jogo 929 - Uplink Trailer...
120 jogo(s) analisados.
2024-02-11 21:51:04,156 - WARNING - Nenhum dado encontrado para o jogo 930 - Half-Life 2: Episode Two Trailer 2...
121 jogo(s) analisados.
2024-02-11 21:51:04,597 - WARNING - Nenhum dado encontrado para o jogo 931 - Team Fortress 2 Trailer 2...
122 jogo(s) analisados.
2024-02-11 21:51:05,037 - WARNING - Nenhum dado encontrado para o jogo 932 - Half-Life 2: Episode Two Gameplay Movie 1...
123 jogo(s) analisados.
2024-02-11 21:51:05,386 - WARNING - Nenhum dado encontrado para o jogo 933 - Half-Life 2: Episode Two Gameplay Movie 2...
124 jogo(s) analisados.
2024-02-11 21:51:05,739 - WARNING - Nenhum dado encontrado para o jogo 934 - Half-Life 2: Episode Two Gameplay Movie 3...
125 jogo(s) analisados.
2024-02-11 21:51:06,105 - WARNING - Nenhum dado encontrado para o jogo 935 - Dark Messiah Gameplay Trailer...
126 jogo(s) analisados.
2024-02-11 21:51:06,484 - WARNING - Nenhum dado encontrado para o jogo 936 - Half-Life 2: Episode Two Gameplay Movie 4...
127 jogo(s) analisados.
2024-02-11 21:51:10,015 - WARNING - Nenhum dado encontrado para o jogo 937 - Half-Life 2: Episode Two Gameplay Movie 5...
128 jogo(s) analisados.
2024-02-11 21:51:10,352 - WARNING - Nenhum dado encontrado para o jogo 938 - City Life Trailer...
129 jogo(s) analisados.
2024-02-11 21:51:10,715 - WARNING - Nenhum dado encontrado para o jogo 939 - X3: Reunion Trailer...
130 jogo(s) analisados.
2024-02-11 21:51:11,440 - WARNING - Nenhum dado encontrado para o jogo 940 - Dark Messiah Launch Trailer...
131 jogo(s) analisados.
2024-02-11 21:51:11,781 - WARNING - Nenhum dado encontrado para o jogo 941 - Red Orchestra Fall Update Trailer...
132 jogo(s) analisados.
2024-02-11 21:51:12,236 - WARNING - Nenhum dado encontrado para o jogo 942 - Heroes of Annihilated Empires Trailer...
133 jogo(s) analisados.
2024-02-11 21:51:12,597 - WARNING - Nenhum dado encontrado para o jogo 943 - Prey Trailer...
134 jogo(s) analisados.
2024-02-11 21:51:12,963 - WARNING - Nenhum dado encontrado para o jogo 944 - Left4Dead Teaser...
135 jogo(s) analisados.
2024-02-11 21:51:13,326 - WARNING - Nenhum dado encontrado para o jogo 945 - X3: Reunion 2.0 Trailer...
136 jogo(s) analisados.
2024-02-11 21:51:13,677 - WARNING - Nenhum dado encontrado para o jogo 946 - Gumboy: Crazy Adventures Trailer...
137 jogo(s) analisados.
2024-02-11 21:51:14,076 - WARNING - Nenhum dado encontrado para o jogo 947 - Eets Trailer...
138 jogo(s) analisados.
2024-02-11 21:51:14,427 - WARNING - Nenhum dado encontrado para o jogo 948 - Silverfall Trailer...
139 jogo(s) analisados.
2024-02-11 21:51:14,787 - WARNING - Nenhum dado encontrado para o jogo 949 - Joint Task Force Trailer...
140 jogo(s) analisados.
2024-02-11 21:51:15,153 - WARNING - Nenhum dado encontrado para o jogo 950 - Hitman: Blood Money Trailer...
141 jogo(s) analisados.
2024-02-11 21:51:15,530 - WARNING - Nenhum dado encontrado para o jogo 951 - Just Cause Trailer...
142 jogo(s) analisados.
2024-02-11 21:51:15,867 - WARNING - Nenhum dado encontrado para o jogo 953 - TrackMania United Trailer...
143 jogo(s) analisados.
2024-02-11 21:51:16,234 - WARNING - Nenhum dado encontrado para o jogo 954 - Runaway, The Dream of The Turtle Trailer...
144 jogo(s) analisados.
2024-02-11 21:51:16,577 - WARNING - Nenhum dado encontrado para o jogo 955 - Battlestations: Midway Trailer...
145 jogo(s) analisados.
2024-02-11 21:51:16,954 - WARNING - Nenhum dado encontrado para o jogo 956 - Project: Snowblind Trailer...
146 jogo(s) analisados.
2024-02-11 21:51:17,298 - WARNING - Nenhum dado encontrado para o jogo 957 - Tomb Raider: Legend Trailer...
147 jogo(s) analisados.
2024-02-11 21:51:17,694 - WARNING - Nenhum dado encontrado para o jogo 958 - Infernal Trailer...
148 jogo(s) analisados.
2024-02-11 21:51:18,066 - WARNING - Nenhum dado encontrado para o jogo 959 - Infernal Trailer 1...
149 jogo(s) analisados.
2024-02-11 21:51:18,405 - WARNING - Nenhum dado encontrado para o jogo 960 - Team Fortress 2: Meet the Heavy...
150 jogo(s) analisados.
2024-02-11 21:51:18,750 - WARNING - Nenhum dado encontrado para o jogo 961 - Red Orchestra June 07 New Content Trailer...
151 jogo(s) analisados.
2024-02-11 21:51:19,128 - WARNING - Nenhum dado encontrado para o jogo 962 - Tomb Raider: Anniversary Trailer...
152 jogo(s) analisados.
2024-02-11 21:51:19,490 - WARNING - Nenhum dado encontrado para o jogo 963 - TrackMania United Webisode 1: Coppers...
153 jogo(s) analisados.
2024-02-11 21:51:19,844 - WARNING - Nenhum dado encontrado para o jogo 964 - TrackMania United Webisode 2: Manialinks...
154 jogo(s) analisados.
2024-02-11 21:51:20,218 - WARNING - Nenhum dado encontrado para o jogo 965 - TrackMania United Webisode 3: Maniazones...
155 jogo(s) analisados.
2024-02-11 21:51:20,580 - WARNING - Nenhum dado encontrado para o jogo 966 - TrackMania United Webisode 4: Singleplayer...
156 jogo(s) analisados.
2024-02-11 21:51:21,337 - WARNING - Nenhum dado encontrado para o jogo 967 - TrackMania United Webisode 5: Multiplayer...
157 jogo(s) analisados.
2024-02-11 21:51:21,690 - WARNING - Nenhum dado encontrado para o jogo 968 - Sam & Max 101: Culture Shock Trailer...
158 jogo(s) analisados.
2024-02-11 21:51:22,185 - WARNING - Nenhum dado encontrado para o jogo 969 - Sam & Max 102: Situation: Comedy Trailer...
159 jogo(s) analisados.
2024-02-11 21:51:22,602 - WARNING - Nenhum dado encontrado para o jogo 970 - Sam & Max 103: The Mole, the Mob and the Meatball Trailer...
160 jogo(s) analisados.
2024-02-11 21:51:22,980 - WARNING - Nenhum dado encontrado para o jogo 971 - Sam & Max 104: Abe Lincoln Must Die! Trailer...
161 jogo(s) analisados.
2024-02-11 21:51:23,353 - WARNING - Nenhum dado encontrado para o jogo 972 - Sam & Max 105: Reality 2.0 Trailer...
162 jogo(s) analisados.
2024-02-11 21:51:23,712 - WARNING - Nenhum dado encontrado para o jogo 973 - Sam & Max 106: Bright Side of the Moon Trailer...
163 jogo(s) analisados.
2024-02-11 21:51:39,772 - WARNING - Nenhum dado encontrado para o jogo 974 - Lost Planet: Extreme Condition Trailer...
164 jogo(s) analisados.
2024-02-11 21:51:40,118 - WARNING - Nenhum dado encontrado para o jogo 975 - Kane & Lynch Trailer 2...
165 jogo(s) analisados.
2024-02-11 21:51:40,480 - WARNING - Nenhum dado encontrado para o jogo 976 - Kane & Lynch Trailer...
166 jogo(s) analisados.
2024-02-11 21:51:40,919 - WARNING - Nenhum dado encontrado para o jogo 977 - ThreadSpace: Hyperbol Trailer...
167 jogo(s) analisados.
2024-02-11 21:51:41,261 - WARNING - Nenhum dado encontrado para o jogo 978 - Titan Quest: Immortal Throne Trailer...
168 jogo(s) analisados.
